C51 COMPILER V9.60.7.0   MAIN                                                              11/06/2023 15:21:17 PAGE 1   


C51 COMPILER V9.60.7.0, COMPILATION OF MODULE MAIN
OBJECT MODULE PLACED IN .\Objects\main.obj
COMPILER INVOKED BY: C:\Keil_v5\C51\BIN\C51.EXE main.c OPTIMIZE(8,SPEED) BROWSE DEBUG OBJECTEXTEND PRINT(.\Listings\main
                    -.lst) TABS(2) OBJECT(.\Objects\main.obj)

line level    source

   1          #include <reg51.h>
   2          
   3          void serial(void); // protótipo de função
   4          unsigned char state = 0;
   5          
   6          void main (void) {
   7   1      
   8   1        
   9   1        unsigned char aux = 0x47;
  10   1        
  11   1        SCON = 0xC0; // SCON: modo 1, 8-bit
  12   1        TMOD |= 0x20; // TMOD: timer 1, modo 2
  13   1        PCON |=0x80;
  14   1        TH1 = 0xFF; // TH1: valor de recarga para 62,5 k baud; clk = 11,059 MHz
  15   1        TR1 = 1; // TR1: dispara timer
  16   1        ES = 1; EA = 1; // habilita interrupcao serial
  17   1        SBUF = aux;
  18   1        
  19   1        while (1) {
  20   2          while (state != 1); // aguarda interrupção serial
  21   2          state = 0; // indica atendimento interrupcao serial
  22   2          SBUF = aux++;
  23   2          if (aux == 0x62) aux = 0x47;
  24   2        } // end of while
  25   1        
  26   1      } // end of main
  27          void serial(void) interrupt 4 { // especifica tratador de interrupção serial (4)
  28   1        if (TI) { // testa se buffer de transmissão vazio
  29   2          TI=0; // limpa flag
  30   2          state = 1;
  31   2        } // end of if
  32   1      } // end of seria


MODULE INFORMATION:   STATIC OVERLAYABLE
   CODE SIZE        =     51    ----
   CONSTANT SIZE    =   ----    ----
   XDATA SIZE       =   ----    ----
   PDATA SIZE       =   ----    ----
   DATA SIZE        =      1    ----
   IDATA SIZE       =   ----    ----
   BIT SIZE         =   ----    ----
END OF MODULE INFORMATION.


C51 COMPILATION COMPLETE.  0 WARNING(S),  0 ERROR(S)
