C51 COMPILER V9.60.7.0   MAIN                                                              11/01/2023 15:54:20 PAGE 1   


C51 COMPILER V9.60.7.0, COMPILATION OF MODULE MAIN
OBJECT MODULE PLACED IN .\Objects\main.obj
COMPILER INVOKED BY: C:\Keil_v5\C51\BIN\C51.EXE main.c OPTIMIZE(8,SPEED) BROWSE DEBUG OBJECTEXTEND PRINT(.\Listings\main
                    -.lst) TABS(2) OBJECT(.\Objects\main.obj)

line level    source

   1          #include <reg51.h>
   2          
   3          void serial(void); // protótipo de função
   4          unsigned char state = 0;
   5          
   6          void main (void) {
   7   1        unsigned char aux = 0;
   8   1        unsigned char mensagem[5];
   9   1        
  10   1        SCON = 0x40; // SCON: modo 1, 8-bit
  11   1        TMOD |= 0x20; // TMOD: timer 1, modo 2
  12   1        TH1 = 0xFD; // TH1: valor de recarga para 9600 baud; clk = 11,059 MHz
  13   1        TR1 = 1; // TR1: dispara timer
  14   1        ES = 1; EA = 1; // habilita interrupcao serial
  15   1        REN = 1;
  16   1      
  17   1        
  18   1        while (1) {
  19   2          while (state != 1); // aguarda interrupção serial
  20   2          state = 0; // indica atendimento interrupcao serial
  21   2          mensagem[aux] = SBUF;
  22   2          aux++;
  23   2          if (aux == 5) aux = 0;
  24   2          } // end of while
  25   1        
  26   1      } // end of main
  27          
  28          void serial(void) interrupt 4 { // especifica tratador de interrupção serial (4)
  29   1        if (TI) { // testa se buffer de transmissão vazio
  30   2          TI=0; // limpa flag
  31   2          state = 1;
  32   2        } // end of
  33   1        else if(RI){
  34   2          RI = 0;
  35   2          state = 1;
  36   2        }
  37   1      } // end of serial


MODULE INFORMATION:   STATIC OVERLAYABLE
   CODE SIZE        =     57    ----
   CONSTANT SIZE    =   ----    ----
   XDATA SIZE       =   ----    ----
   PDATA SIZE       =   ----    ----
   DATA SIZE        =      1       5
   IDATA SIZE       =   ----    ----
   BIT SIZE         =   ----    ----
END OF MODULE INFORMATION.


C51 COMPILATION COMPLETE.  0 WARNING(S),  0 ERROR(S)
