C51 COMPILER V9.60.7.0   MAIN                                                              10/20/2023 11:54:46 PAGE 1   


C51 COMPILER V9.60.7.0, COMPILATION OF MODULE MAIN
OBJECT MODULE PLACED IN .\Objects\main.obj
COMPILER INVOKED BY: C:\Keil_v5\C51\BIN\C51.EXE main.c OPTIMIZE(8,SPEED) BROWSE DEBUG OBJECTEXTEND PRINT(.\Listings\main
                    -.lst) TABS(2) OBJECT(.\Objects\main.obj)

line level    source

   1          #include <reg51.h>
   2          
   3          void c51_tmr0 (void);
   4          void c51_tmr1 (void);
   5          void c51_int1 (void);
   6          
   7          unsigned char state = 0;
   8          
   9          void main (void) {
  10   1        unsigned char code mensagem[]= "Microcontrolador";
  11   1        unsigned char code *ponteiro;
  12   1        unsigned char aux = 0;
  13   1        
  14   1        P2 = 0x00;
  15   1        
  16   1        ponteiro = mensagem;
  17   1        TMOD = 0X02;
  18   1        
  19   1        TH0 = 0x5F;
  20   1        TL0 = 0x5F;
  21   1        
  22   1        TH1 = 0xFC;
  23   1        TL1 = 0x3F;
  24   1        
  25   1        ET0 = 1;
  26   1        ET1 = 1;
  27   1        
  28   1        EX1 = 1;
  29   1        IT1 = 1;
  30   1        
  31   1        EA = 1; // interrup??o habilitada
  32   1        
  33   1        TR0 = 1 ; // dispara timer
  34   1        TR1 = 1;
  35   1        
  36   1        while (1) {
  37   2          while (state != 1);
  38   2          state = 0;
  39   2          P1 = *(ponteiro+aux++);
  40   2          if (aux == 16) aux = 0;
  41   2        } // end of while
  42   1        
  43   1      } //end of main
  44          
  45          void c51_tmr0 (void) interrupt 1 {
  46   1        state++;
  47   1      } //end of c51_tmr0
  48          
  49          void c51_int1 (void) interrupt 2{
  50   1        TH0 = P2;
  51   1      }
  52          void c51_tmr1 (void) interrupt 3{
  53   1        TH1 = 0xFC;
  54   1        TL1 = 0x3F;
C51 COMPILER V9.60.7.0   MAIN                                                              10/20/2023 11:54:46 PAGE 2   

  55   1        P2 = P2 ^ (1<<1);
  56   1      }


MODULE INFORMATION:   STATIC OVERLAYABLE
   CODE SIZE        =     84    ----
   CONSTANT SIZE    =     17    ----
   XDATA SIZE       =   ----    ----
   PDATA SIZE       =   ----    ----
   DATA SIZE        =      1    ----
   IDATA SIZE       =   ----    ----
   BIT SIZE         =   ----    ----
END OF MODULE INFORMATION.


C51 COMPILATION COMPLETE.  0 WARNING(S),  0 ERROR(S)
